<?xml version="1.0" encoding="UTF-8"?>
<!-- Generated by org.testng.reporters.JUnitReportReporter -->
<testsuite skipped="0" hostname="C02D891UML7H.local" name="io.testproject.generated.tests.katalontestprojectAdvanced.TestCase1_KatalonDemo" tests="1" failures="0" timestamp="21 Dec 2022 10:17:26 GMT" time="40.655" errors="0">
  <testcase name="execute" time="40.655" classname="io.testproject.generated.tests.katalontestprojectAdvanced.TestCase1_KatalonDemo"/>
</testsuite> <!-- io.testproject.generated.tests.katalontestprojectAdvanced.TestCase1_KatalonDemo -->
